Tasku-Android/build/intermediates/manifest_merge_blame_file/release/manifest-merger-blame-release-report.txt
1<?xml version="1.0" encoding="utf-8"?>
2<manifest xmlns:android="http://schemas.android.com/apk/res/android"
3    package="ru.itskoshkin.tasku.android"
4    android:versionCode="1"
5    android:versionName="1.0" >
6
7    <uses-sdk
8        android:minSdkVersion="23"
8-->src/main/AndroidManifest.xml
9        android:targetSdkVersion="33" />
9-->src/main/AndroidManifest.xml
10
11    <application
11-->src/main/AndroidManifest.xml:4:5-16:19
12        android:allowBackup="false"
12-->src/main/AndroidManifest.xml:5:9-36
13        android:appComponentFactory="androidx.core.app.CoreComponentFactory"
13-->[androidx.core:core:1.8.0] AndroidManifest.xml:24:18-86
14        android:extractNativeLibs="false"
15        android:supportsRtl="true"
15-->src/main/AndroidManifest.xml:6:9-35
16        android:theme="@style/AppTheme" >
16-->src/main/AndroidManifest.xml:7:9-40
17        <activity
17-->src/main/AndroidManifest.xml:8:9-15:20
18            android:name="ru.itskoshkin.tasku.android.MainActivity"
18-->src/main/AndroidManifest.xml:9:13-41
19            android:exported="true" >
19-->src/main/AndroidManifest.xml:10:13-36
20            <intent-filter>
20-->src/main/AndroidManifest.xml:11:13-14:29
21                <action android:name="android.intent.action.MAIN" />
21-->src/main/AndroidManifest.xml:12:17-69
21-->src/main/AndroidManifest.xml:12:25-66
22
23                <category android:name="android.intent.category.LAUNCHER" />
23-->src/main/AndroidManifest.xml:13:17-77
23-->src/main/AndroidManifest.xml:13:27-74
24            </intent-filter>
25        </activity>
26        <activity
26-->[androidx.compose.ui:ui-tooling:1.3.1] AndroidManifest.xml:23:9-25:39
27            android:name="androidx.compose.ui.tooling.PreviewActivity"
27-->[androidx.compose.ui:ui-tooling:1.3.1] AndroidManifest.xml:24:13-71
28            android:exported="true" />
28-->[androidx.compose.ui:ui-tooling:1.3.1] AndroidManifest.xml:25:13-36
29
30        <provider
30-->[androidx.profileinstaller:profileinstaller:1.2.0] AndroidManifest.xml:25:9-33:20
31            android:name="androidx.startup.InitializationProvider"
31-->[androidx.profileinstaller:profileinstaller:1.2.0] AndroidManifest.xml:26:13-67
32            android:authorities="ru.itskoshkin.tasku.android.androidx-startup"
32-->[androidx.profileinstaller:profileinstaller:1.2.0] AndroidManifest.xml:27:13-68
33            android:exported="false" >
33-->[androidx.profileinstaller:profileinstaller:1.2.0] AndroidManifest.xml:28:13-37
34            <meta-data
34-->[androidx.profileinstaller:profileinstaller:1.2.0] AndroidManifest.xml:30:13-32:52
35                android:name="androidx.profileinstaller.ProfileInstallerInitializer"
35-->[androidx.profileinstaller:profileinstaller:1.2.0] AndroidManifest.xml:31:17-85
36                android:value="androidx.startup" />
36-->[androidx.profileinstaller:profileinstaller:1.2.0] AndroidManifest.xml:32:17-49
37        </provider>
38
39        <receiver
39-->[androidx.profileinstaller:profileinstaller:1.2.0] AndroidManifest.xml:35:9-47:20
40            android:name="androidx.profileinstaller.ProfileInstallReceiver"
40-->[androidx.profileinstaller:profileinstaller:1.2.0] AndroidManifest.xml:36:13-76
41            android:directBootAware="false"
41-->[androidx.profileinstaller:profileinstaller:1.2.0] AndroidManifest.xml:37:13-44
42            android:enabled="true"
42-->[androidx.profileinstaller:profileinstaller:1.2.0] AndroidManifest.xml:38:13-35
43            android:exported="true"
43-->[androidx.profileinstaller:profileinstaller:1.2.0] AndroidManifest.xml:39:13-36
44            android:permission="android.permission.DUMP" >
44-->[androidx.profileinstaller:profileinstaller:1.2.0] AndroidManifest.xml:40:13-57
45            <intent-filter>
45-->[androidx.profileinstaller:profileinstaller:1.2.0] AndroidManifest.xml:41:13-43:29
46                <action android:name="androidx.profileinstaller.action.INSTALL_PROFILE" />
46-->[androidx.profileinstaller:profileinstaller:1.2.0] AndroidManifest.xml:42:17-91
46-->[androidx.profileinstaller:profileinstaller:1.2.0] AndroidManifest.xml:42:25-88
47            </intent-filter>
48            <intent-filter>
48-->[androidx.profileinstaller:profileinstaller:1.2.0] AndroidManifest.xml:44:13-46:29
49                <action android:name="androidx.profileinstaller.action.SKIP_FILE" />
49-->[androidx.profileinstaller:profileinstaller:1.2.0] AndroidManifest.xml:45:17-85
49-->[androidx.profileinstaller:profileinstaller:1.2.0] AndroidManifest.xml:45:25-82
50            </intent-filter>
51        </receiver>
52    </application>
53
54</manifest>